2019-06-25T03:25:05+00:00 CRITICAL Uncaught Error: Class 'IG_Tracker_V_1_0_1' not found in /home1/flipware/public_html/medcaro/dev/wp-content/plugins/icegram/icegram.php:1248
Stack trace:
#0 /home1/flipware/public_html/medcaro/dev/wp-content/plugins/icegram/icegram.php(43): Icegram->include_classes()
#1 /home1/flipware/public_html/medcaro/dev/wp-content/plugins/icegram/icegram.php(1856): Icegram->__construct()
#2 /home1/flipware/public_html/medcaro/dev/wp-includes/class-wp-hook.php(286): initialize_icegram('')
#3 /home1/flipware/public_html/medcaro/dev/wp-includes/class-wp-hook.php(310): WP_Hook->apply_filters(Object(MonsterInsights_Lite), Array)
#4 /home1/flipware/public_html/medcaro/dev/wp-includes/plugin.php(465): WP_Hook->do_action(Array)
#5 /home1/flipware/public_html/medcaro/dev/wp-settings.php(394): do_action('plugins_loaded')
#6 /home1/flipware/public_html/medcaro/dev/wp-config.php(82): require_once('/home1/flipware...')
#7 /home1/flipware/public_html/medcaro/dev/wp-load.php(37): require_once('/home1/flipware...')
#8 /home1/flipware/pu in /home1/flipware/public_html/medcaro/dev/wp-content/plugins/icegram/icegram.php on line 1248

2019-06-25T14:30:00+00:00 CRITICAL Uncaught Error: Class 'IG_Tracker_V_1_0_1' not found in /home1/flipware/public_html/medcaro/dev/wp-content/plugins/icegram/icegram.php:1248
Stack trace:
#0 /home1/flipware/public_html/medcaro/dev/wp-content/plugins/icegram/icegram.php(43): Icegram->include_classes()
#1 /home1/flipware/public_html/medcaro/dev/wp-content/plugins/icegram/icegram.php(1856): Icegram->__construct()
#2 /home1/flipware/public_html/medcaro/dev/wp-includes/class-wp-hook.php(286): initialize_icegram('')
#3 /home1/flipware/public_html/medcaro/dev/wp-includes/class-wp-hook.php(310): WP_Hook->apply_filters(Object(MonsterInsights_Lite), Array)
#4 /home1/flipware/public_html/medcaro/dev/wp-includes/plugin.php(465): WP_Hook->do_action(Array)
#5 /home1/flipware/public_html/medcaro/dev/wp-settings.php(394): do_action('plugins_loaded')
#6 /home1/flipware/public_html/medcaro/dev/wp-config.php(82): require_once('/home1/flipware...')
#7 /home1/flipware/public_html/medcaro/dev/wp-load.php(37): require_once('/home1/flipware...')
#8 /home1/flipware/pu in /home1/flipware/public_html/medcaro/dev/wp-content/plugins/icegram/icegram.php on line 1248

2019-06-25T19:12:38+00:00 CRITICAL Uncaught Error: Class 'IG_Tracker_V_1_0_1' not found in /home1/flipware/public_html/medcaro/dev/wp-content/plugins/icegram/icegram.php:1248
Stack trace:
#0 /home1/flipware/public_html/medcaro/dev/wp-content/plugins/icegram/icegram.php(43): Icegram->include_classes()
#1 /home1/flipware/public_html/medcaro/dev/wp-content/plugins/icegram/icegram.php(1856): Icegram->__construct()
#2 /home1/flipware/public_html/medcaro/dev/wp-includes/class-wp-hook.php(286): initialize_icegram('')
#3 /home1/flipware/public_html/medcaro/dev/wp-includes/class-wp-hook.php(310): WP_Hook->apply_filters(Object(MonsterInsights_Lite), Array)
#4 /home1/flipware/public_html/medcaro/dev/wp-includes/plugin.php(465): WP_Hook->do_action(Array)
#5 /home1/flipware/public_html/medcaro/dev/wp-settings.php(394): do_action('plugins_loaded')
#6 /home1/flipware/public_html/medcaro/dev/wp-config.php(82): require_once('/home1/flipware...')
#7 /home1/flipware/public_html/medcaro/dev/wp-load.php(37): require_once('/home1/flipware...')
#8 /home1/flipware/pu in /home1/flipware/public_html/medcaro/dev/wp-content/plugins/icegram/icegram.php on line 1248

2019-06-25T19:55:49+00:00 CRITICAL Uncaught Error: Class 'IG_Tracker_V_1_0_1' not found in /home1/flipware/public_html/medcaro/dev/wp-content/plugins/icegram/icegram.php:1248
Stack trace:
#0 /home1/flipware/public_html/medcaro/dev/wp-content/plugins/icegram/icegram.php(43): Icegram->include_classes()
#1 /home1/flipware/public_html/medcaro/dev/wp-content/plugins/icegram/icegram.php(1856): Icegram->__construct()
#2 /home1/flipware/public_html/medcaro/dev/wp-includes/class-wp-hook.php(286): initialize_icegram('')
#3 /home1/flipware/public_html/medcaro/dev/wp-includes/class-wp-hook.php(310): WP_Hook->apply_filters(Object(MonsterInsights_Lite), Array)
#4 /home1/flipware/public_html/medcaro/dev/wp-includes/plugin.php(465): WP_Hook->do_action(Array)
#5 /home1/flipware/public_html/medcaro/dev/wp-settings.php(394): do_action('plugins_loaded')
#6 /home1/flipware/public_html/medcaro/dev/wp-config.php(82): require_once('/home1/flipware...')
#7 /home1/flipware/public_html/medcaro/dev/wp-load.php(37): require_once('/home1/flipware...')
#8 /home1/flipware/pu in /home1/flipware/public_html/medcaro/dev/wp-content/plugins/icegram/icegram.php on line 1248

2019-06-25T20:55:02+00:00 CRITICAL Uncaught Error: Class 'IG_Tracker_V_1_0_1' not found in /home1/flipware/public_html/medcaro/dev/wp-content/plugins/icegram/icegram.php:1248
Stack trace:
#0 /home1/flipware/public_html/medcaro/dev/wp-content/plugins/icegram/icegram.php(43): Icegram->include_classes()
#1 /home1/flipware/public_html/medcaro/dev/wp-content/plugins/icegram/icegram.php(1856): Icegram->__construct()
#2 /home1/flipware/public_html/medcaro/dev/wp-includes/class-wp-hook.php(286): initialize_icegram('')
#3 /home1/flipware/public_html/medcaro/dev/wp-includes/class-wp-hook.php(310): WP_Hook->apply_filters(Object(MonsterInsights_Lite), Array)
#4 /home1/flipware/public_html/medcaro/dev/wp-includes/plugin.php(465): WP_Hook->do_action(Array)
#5 /home1/flipware/public_html/medcaro/dev/wp-settings.php(394): do_action('plugins_loaded')
#6 /home1/flipware/public_html/medcaro/dev/wp-config.php(82): require_once('/home1/flipware...')
#7 /home1/flipware/public_html/medcaro/dev/wp-load.php(37): require_once('/home1/flipware...')
#8 /home1/flipware/pu in /home1/flipware/public_html/medcaro/dev/wp-content/plugins/icegram/icegram.php on line 1248

2019-06-25T21:29:51+00:00 CRITICAL Uncaught Error: Class 'IG_Tracker_V_1_0_1' not found in /home1/flipware/public_html/medcaro/dev/wp-content/plugins/icegram/icegram.php:1248
Stack trace:
#0 /home1/flipware/public_html/medcaro/dev/wp-content/plugins/icegram/icegram.php(43): Icegram->include_classes()
#1 /home1/flipware/public_html/medcaro/dev/wp-content/plugins/icegram/icegram.php(1856): Icegram->__construct()
#2 /home1/flipware/public_html/medcaro/dev/wp-includes/class-wp-hook.php(286): initialize_icegram('')
#3 /home1/flipware/public_html/medcaro/dev/wp-includes/class-wp-hook.php(310): WP_Hook->apply_filters(Object(MonsterInsights_Lite), Array)
#4 /home1/flipware/public_html/medcaro/dev/wp-includes/plugin.php(465): WP_Hook->do_action(Array)
#5 /home1/flipware/public_html/medcaro/dev/wp-settings.php(394): do_action('plugins_loaded')
#6 /home1/flipware/public_html/medcaro/dev/wp-config.php(82): require_once('/home1/flipware...')
#7 /home1/flipware/public_html/medcaro/dev/wp-load.php(37): require_once('/home1/flipware...')
#8 /home1/flipware/pu in /home1/flipware/public_html/medcaro/dev/wp-content/plugins/icegram/icegram.php on line 1248

2019-06-25T23:12:41+00:00 CRITICAL Uncaught Error: Class 'IG_Tracker_V_1_0_1' not found in /home1/flipware/public_html/medcaro/dev/wp-content/plugins/icegram/icegram.php:1248
Stack trace:
#0 /home1/flipware/public_html/medcaro/dev/wp-content/plugins/icegram/icegram.php(43): Icegram->include_classes()
#1 /home1/flipware/public_html/medcaro/dev/wp-content/plugins/icegram/icegram.php(1856): Icegram->__construct()
#2 /home1/flipware/public_html/medcaro/dev/wp-includes/class-wp-hook.php(286): initialize_icegram('')
#3 /home1/flipware/public_html/medcaro/dev/wp-includes/class-wp-hook.php(310): WP_Hook->apply_filters(Object(MonsterInsights_Lite), Array)
#4 /home1/flipware/public_html/medcaro/dev/wp-includes/plugin.php(465): WP_Hook->do_action(Array)
#5 /home1/flipware/public_html/medcaro/dev/wp-settings.php(394): do_action('plugins_loaded')
#6 /home1/flipware/public_html/medcaro/dev/wp-config.php(82): require_once('/home1/flipware...')
#7 /home1/flipware/public_html/medcaro/dev/wp-load.php(37): require_once('/home1/flipware...')
#8 /home1/flipware/pu in /home1/flipware/public_html/medcaro/dev/wp-content/plugins/icegram/icegram.php on line 1248

2019-06-25T23:48:59+00:00 CRITICAL Uncaught Error: Class 'IG_Tracker_V_1_0_1' not found in /home1/flipware/public_html/medcaro/dev/wp-content/plugins/icegram/icegram.php:1248
Stack trace:
#0 /home1/flipware/public_html/medcaro/dev/wp-content/plugins/icegram/icegram.php(43): Icegram->include_classes()
#1 /home1/flipware/public_html/medcaro/dev/wp-content/plugins/icegram/icegram.php(1856): Icegram->__construct()
#2 /home1/flipware/public_html/medcaro/dev/wp-includes/class-wp-hook.php(286): initialize_icegram('')
#3 /home1/flipware/public_html/medcaro/dev/wp-includes/class-wp-hook.php(310): WP_Hook->apply_filters(Object(MonsterInsights_Lite), Array)
#4 /home1/flipware/public_html/medcaro/dev/wp-includes/plugin.php(465): WP_Hook->do_action(Array)
#5 /home1/flipware/public_html/medcaro/dev/wp-settings.php(394): do_action('plugins_loaded')
#6 /home1/flipware/public_html/medcaro/dev/wp-config.php(82): require_once('/home1/flipware...')
#7 /home1/flipware/public_html/medcaro/dev/wp-load.php(37): require_once('/home1/flipware...')
#8 /home1/flipware/pu in /home1/flipware/public_html/medcaro/dev/wp-content/plugins/icegram/icegram.php on line 1248

