2019-06-27T01:01:03+00:00 CRITICAL Uncaught Error: Class 'IG_Tracker_V_1_0_1' not found in /home1/flipware/public_html/medcaro/dev/wp-content/plugins/icegram/icegram.php:1248
Stack trace:
#0 /home1/flipware/public_html/medcaro/dev/wp-content/plugins/icegram/icegram.php(43): Icegram->include_classes()
#1 /home1/flipware/public_html/medcaro/dev/wp-content/plugins/icegram/icegram.php(1856): Icegram->__construct()
#2 /home1/flipware/public_html/medcaro/dev/wp-includes/class-wp-hook.php(286): initialize_icegram('')
#3 /home1/flipware/public_html/medcaro/dev/wp-includes/class-wp-hook.php(310): WP_Hook->apply_filters(Object(MonsterInsights_Lite), Array)
#4 /home1/flipware/public_html/medcaro/dev/wp-includes/plugin.php(465): WP_Hook->do_action(Array)
#5 /home1/flipware/public_html/medcaro/dev/wp-settings.php(394): do_action('plugins_loaded')
#6 /home1/flipware/public_html/medcaro/dev/wp-config.php(82): require_once('/home1/flipware...')
#7 /home1/flipware/public_html/medcaro/dev/wp-load.php(37): require_once('/home1/flipware...')
#8 /home1/flipware/pu in /home1/flipware/public_html/medcaro/dev/wp-content/plugins/icegram/icegram.php on line 1248

2019-06-27T01:33:12+00:00 CRITICAL Uncaught Error: Class 'IG_Tracker_V_1_0_1' not found in /home1/flipware/public_html/medcaro/dev/wp-content/plugins/icegram/icegram.php:1248
Stack trace:
#0 /home1/flipware/public_html/medcaro/dev/wp-content/plugins/icegram/icegram.php(43): Icegram->include_classes()
#1 /home1/flipware/public_html/medcaro/dev/wp-content/plugins/icegram/icegram.php(1856): Icegram->__construct()
#2 /home1/flipware/public_html/medcaro/dev/wp-includes/class-wp-hook.php(286): initialize_icegram('')
#3 /home1/flipware/public_html/medcaro/dev/wp-includes/class-wp-hook.php(310): WP_Hook->apply_filters(Object(MonsterInsights_Lite), Array)
#4 /home1/flipware/public_html/medcaro/dev/wp-includes/plugin.php(465): WP_Hook->do_action(Array)
#5 /home1/flipware/public_html/medcaro/dev/wp-settings.php(394): do_action('plugins_loaded')
#6 /home1/flipware/public_html/medcaro/dev/wp-config.php(82): require_once('/home1/flipware...')
#7 /home1/flipware/public_html/medcaro/dev/wp-load.php(37): require_once('/home1/flipware...')
#8 /home1/flipware/pu in /home1/flipware/public_html/medcaro/dev/wp-content/plugins/icegram/icegram.php on line 1248

2019-06-27T02:47:58+00:00 CRITICAL Uncaught Error: Class 'IG_Tracker_V_1_0_1' not found in /home1/flipware/public_html/medcaro/dev/wp-content/plugins/icegram/icegram.php:1248
Stack trace:
#0 /home1/flipware/public_html/medcaro/dev/wp-content/plugins/icegram/icegram.php(43): Icegram->include_classes()
#1 /home1/flipware/public_html/medcaro/dev/wp-content/plugins/icegram/icegram.php(1856): Icegram->__construct()
#2 /home1/flipware/public_html/medcaro/dev/wp-includes/class-wp-hook.php(286): initialize_icegram('')
#3 /home1/flipware/public_html/medcaro/dev/wp-includes/class-wp-hook.php(310): WP_Hook->apply_filters(Object(MonsterInsights_Lite), Array)
#4 /home1/flipware/public_html/medcaro/dev/wp-includes/plugin.php(465): WP_Hook->do_action(Array)
#5 /home1/flipware/public_html/medcaro/dev/wp-settings.php(394): do_action('plugins_loaded')
#6 /home1/flipware/public_html/medcaro/dev/wp-config.php(82): require_once('/home1/flipware...')
#7 /home1/flipware/public_html/medcaro/dev/wp-load.php(37): require_once('/home1/flipware...')
#8 /home1/flipware/pu in /home1/flipware/public_html/medcaro/dev/wp-content/plugins/icegram/icegram.php on line 1248

2019-06-27T03:23:55+00:00 CRITICAL Uncaught Error: Class 'IG_Tracker_V_1_0_1' not found in /home1/flipware/public_html/medcaro/dev/wp-content/plugins/icegram/icegram.php:1248
Stack trace:
#0 /home1/flipware/public_html/medcaro/dev/wp-content/plugins/icegram/icegram.php(43): Icegram->include_classes()
#1 /home1/flipware/public_html/medcaro/dev/wp-content/plugins/icegram/icegram.php(1856): Icegram->__construct()
#2 /home1/flipware/public_html/medcaro/dev/wp-includes/class-wp-hook.php(286): initialize_icegram('')
#3 /home1/flipware/public_html/medcaro/dev/wp-includes/class-wp-hook.php(310): WP_Hook->apply_filters(Object(MonsterInsights_Lite), Array)
#4 /home1/flipware/public_html/medcaro/dev/wp-includes/plugin.php(465): WP_Hook->do_action(Array)
#5 /home1/flipware/public_html/medcaro/dev/wp-settings.php(394): do_action('plugins_loaded')
#6 /home1/flipware/public_html/medcaro/dev/wp-config.php(82): require_once('/home1/flipware...')
#7 /home1/flipware/public_html/medcaro/dev/wp-load.php(37): require_once('/home1/flipware...')
#8 /home1/flipware/pu in /home1/flipware/public_html/medcaro/dev/wp-content/plugins/icegram/icegram.php on line 1248

2019-06-27T07:18:12+00:00 CRITICAL Uncaught Error: Class 'IG_Tracker_V_1_0_1' not found in /home1/flipware/public_html/medcaro/dev/wp-content/plugins/icegram/icegram.php:1248
Stack trace:
#0 /home1/flipware/public_html/medcaro/dev/wp-content/plugins/icegram/icegram.php(43): Icegram->include_classes()
#1 /home1/flipware/public_html/medcaro/dev/wp-content/plugins/icegram/icegram.php(1856): Icegram->__construct()
#2 /home1/flipware/public_html/medcaro/dev/wp-includes/class-wp-hook.php(286): initialize_icegram('')
#3 /home1/flipware/public_html/medcaro/dev/wp-includes/class-wp-hook.php(310): WP_Hook->apply_filters(Object(MonsterInsights_Lite), Array)
#4 /home1/flipware/public_html/medcaro/dev/wp-includes/plugin.php(465): WP_Hook->do_action(Array)
#5 /home1/flipware/public_html/medcaro/dev/wp-settings.php(394): do_action('plugins_loaded')
#6 /home1/flipware/public_html/medcaro/dev/wp-config.php(82): require_once('/home1/flipware...')
#7 /home1/flipware/public_html/medcaro/dev/wp-load.php(37): require_once('/home1/flipware...')
#8 /home1/flipware/pu in /home1/flipware/public_html/medcaro/dev/wp-content/plugins/icegram/icegram.php on line 1248

2019-06-27T10:59:28+00:00 CRITICAL Uncaught Error: Class 'IG_Tracker_V_1_0_1' not found in /home1/flipware/public_html/medcaro/dev/wp-content/plugins/icegram/icegram.php:1248
Stack trace:
#0 /home1/flipware/public_html/medcaro/dev/wp-content/plugins/icegram/icegram.php(43): Icegram->include_classes()
#1 /home1/flipware/public_html/medcaro/dev/wp-content/plugins/icegram/icegram.php(1856): Icegram->__construct()
#2 /home1/flipware/public_html/medcaro/dev/wp-includes/class-wp-hook.php(286): initialize_icegram('')
#3 /home1/flipware/public_html/medcaro/dev/wp-includes/class-wp-hook.php(310): WP_Hook->apply_filters(Object(MonsterInsights_Lite), Array)
#4 /home1/flipware/public_html/medcaro/dev/wp-includes/plugin.php(465): WP_Hook->do_action(Array)
#5 /home1/flipware/public_html/medcaro/dev/wp-settings.php(394): do_action('plugins_loaded')
#6 /home1/flipware/public_html/medcaro/dev/wp-config.php(82): require_once('/home1/flipware...')
#7 /home1/flipware/public_html/medcaro/dev/wp-load.php(37): require_once('/home1/flipware...')
#8 /home1/flipware/pu in /home1/flipware/public_html/medcaro/dev/wp-content/plugins/icegram/icegram.php on line 1248

2019-06-27T16:00:27+00:00 CRITICAL Uncaught Error: Class 'IG_Tracker_V_1_0_1' not found in /home1/flipware/public_html/medcaro/dev/wp-content/plugins/icegram/icegram.php:1248
Stack trace:
#0 /home1/flipware/public_html/medcaro/dev/wp-content/plugins/icegram/icegram.php(43): Icegram->include_classes()
#1 /home1/flipware/public_html/medcaro/dev/wp-content/plugins/icegram/icegram.php(1856): Icegram->__construct()
#2 /home1/flipware/public_html/medcaro/dev/wp-includes/class-wp-hook.php(286): initialize_icegram('')
#3 /home1/flipware/public_html/medcaro/dev/wp-includes/class-wp-hook.php(310): WP_Hook->apply_filters(Object(MonsterInsights_Lite), Array)
#4 /home1/flipware/public_html/medcaro/dev/wp-includes/plugin.php(465): WP_Hook->do_action(Array)
#5 /home1/flipware/public_html/medcaro/dev/wp-settings.php(394): do_action('plugins_loaded')
#6 /home1/flipware/public_html/medcaro/dev/wp-config.php(82): require_once('/home1/flipware...')
#7 /home1/flipware/public_html/medcaro/dev/wp-load.php(37): require_once('/home1/flipware...')
#8 /home1/flipware/pu in /home1/flipware/public_html/medcaro/dev/wp-content/plugins/icegram/icegram.php on line 1248

2019-06-27T18:24:28+00:00 CRITICAL Uncaught Error: Class 'IG_Tracker_V_1_0_1' not found in /home1/flipware/public_html/medcaro/dev/wp-content/plugins/icegram/icegram.php:1248
Stack trace:
#0 /home1/flipware/public_html/medcaro/dev/wp-content/plugins/icegram/icegram.php(43): Icegram->include_classes()
#1 /home1/flipware/public_html/medcaro/dev/wp-content/plugins/icegram/icegram.php(1856): Icegram->__construct()
#2 /home1/flipware/public_html/medcaro/dev/wp-includes/class-wp-hook.php(286): initialize_icegram('')
#3 /home1/flipware/public_html/medcaro/dev/wp-includes/class-wp-hook.php(310): WP_Hook->apply_filters(Object(MonsterInsights_Lite), Array)
#4 /home1/flipware/public_html/medcaro/dev/wp-includes/plugin.php(465): WP_Hook->do_action(Array)
#5 /home1/flipware/public_html/medcaro/dev/wp-settings.php(394): do_action('plugins_loaded')
#6 /home1/flipware/public_html/medcaro/dev/wp-config.php(82): require_once('/home1/flipware...')
#7 /home1/flipware/public_html/medcaro/dev/wp-load.php(37): require_once('/home1/flipware...')
#8 /home1/flipware/pu in /home1/flipware/public_html/medcaro/dev/wp-content/plugins/icegram/icegram.php on line 1248

2019-06-27T18:42:03+00:00 CRITICAL Uncaught Error: Class 'IG_Tracker_V_1_0_1' not found in /home1/flipware/public_html/medcaro/dev/wp-content/plugins/icegram/icegram.php:1248
Stack trace:
#0 /home1/flipware/public_html/medcaro/dev/wp-content/plugins/icegram/icegram.php(43): Icegram->include_classes()
#1 /home1/flipware/public_html/medcaro/dev/wp-content/plugins/icegram/icegram.php(1856): Icegram->__construct()
#2 /home1/flipware/public_html/medcaro/dev/wp-includes/class-wp-hook.php(286): initialize_icegram('')
#3 /home1/flipware/public_html/medcaro/dev/wp-includes/class-wp-hook.php(310): WP_Hook->apply_filters(Object(MonsterInsights_Lite), Array)
#4 /home1/flipware/public_html/medcaro/dev/wp-includes/plugin.php(465): WP_Hook->do_action(Array)
#5 /home1/flipware/public_html/medcaro/dev/wp-settings.php(394): do_action('plugins_loaded')
#6 /home1/flipware/public_html/medcaro/dev/wp-config.php(82): require_once('/home1/flipware...')
#7 /home1/flipware/public_html/medcaro/dev/wp-load.php(37): require_once('/home1/flipware...')
#8 /home1/flipware/pu in /home1/flipware/public_html/medcaro/dev/wp-content/plugins/icegram/icegram.php on line 1248

2019-06-27T18:54:04+00:00 CRITICAL Uncaught Error: Class 'IG_Tracker_V_1_0_1' not found in /home1/flipware/public_html/medcaro/dev/wp-content/plugins/icegram/icegram.php:1248
Stack trace:
#0 /home1/flipware/public_html/medcaro/dev/wp-content/plugins/icegram/icegram.php(43): Icegram->include_classes()
#1 /home1/flipware/public_html/medcaro/dev/wp-content/plugins/icegram/icegram.php(1856): Icegram->__construct()
#2 /home1/flipware/public_html/medcaro/dev/wp-includes/class-wp-hook.php(286): initialize_icegram('')
#3 /home1/flipware/public_html/medcaro/dev/wp-includes/class-wp-hook.php(310): WP_Hook->apply_filters(Object(MonsterInsights_Lite), Array)
#4 /home1/flipware/public_html/medcaro/dev/wp-includes/plugin.php(465): WP_Hook->do_action(Array)
#5 /home1/flipware/public_html/medcaro/dev/wp-settings.php(394): do_action('plugins_loaded')
#6 /home1/flipware/public_html/medcaro/dev/wp-config.php(82): require_once('/home1/flipware...')
#7 /home1/flipware/public_html/medcaro/dev/wp-load.php(37): require_once('/home1/flipware...')
#8 /home1/flipware/pu in /home1/flipware/public_html/medcaro/dev/wp-content/plugins/icegram/icegram.php on line 1248

2019-06-27T19:30:23+00:00 CRITICAL Uncaught Error: Class 'IG_Tracker_V_1_0_1' not found in /home1/flipware/public_html/medcaro/dev/wp-content/plugins/icegram/icegram.php:1248
Stack trace:
#0 /home1/flipware/public_html/medcaro/dev/wp-content/plugins/icegram/icegram.php(43): Icegram->include_classes()
#1 /home1/flipware/public_html/medcaro/dev/wp-content/plugins/icegram/icegram.php(1856): Icegram->__construct()
#2 /home1/flipware/public_html/medcaro/dev/wp-includes/class-wp-hook.php(286): initialize_icegram('')
#3 /home1/flipware/public_html/medcaro/dev/wp-includes/class-wp-hook.php(310): WP_Hook->apply_filters(Object(MonsterInsights_Lite), Array)
#4 /home1/flipware/public_html/medcaro/dev/wp-includes/plugin.php(465): WP_Hook->do_action(Array)
#5 /home1/flipware/public_html/medcaro/dev/wp-settings.php(394): do_action('plugins_loaded')
#6 /home1/flipware/public_html/medcaro/dev/wp-config.php(82): require_once('/home1/flipware...')
#7 /home1/flipware/public_html/medcaro/dev/wp-load.php(37): require_once('/home1/flipware...')
#8 /home1/flipware/pu in /home1/flipware/public_html/medcaro/dev/wp-content/plugins/icegram/icegram.php on line 1248

2019-06-27T21:40:15+00:00 CRITICAL Uncaught Error: Class 'IG_Tracker_V_1_0_1' not found in /home1/flipware/public_html/medcaro/dev/wp-content/plugins/icegram/icegram.php:1248
Stack trace:
#0 /home1/flipware/public_html/medcaro/dev/wp-content/plugins/icegram/icegram.php(43): Icegram->include_classes()
#1 /home1/flipware/public_html/medcaro/dev/wp-content/plugins/icegram/icegram.php(1856): Icegram->__construct()
#2 /home1/flipware/public_html/medcaro/dev/wp-includes/class-wp-hook.php(286): initialize_icegram('')
#3 /home1/flipware/public_html/medcaro/dev/wp-includes/class-wp-hook.php(310): WP_Hook->apply_filters(Object(MonsterInsights_Lite), Array)
#4 /home1/flipware/public_html/medcaro/dev/wp-includes/plugin.php(465): WP_Hook->do_action(Array)
#5 /home1/flipware/public_html/medcaro/dev/wp-settings.php(394): do_action('plugins_loaded')
#6 /home1/flipware/public_html/medcaro/dev/wp-config.php(82): require_once('/home1/flipware...')
#7 /home1/flipware/public_html/medcaro/dev/wp-load.php(37): require_once('/home1/flipware...')
#8 /home1/flipware/pu in /home1/flipware/public_html/medcaro/dev/wp-content/plugins/icegram/icegram.php on line 1248

2019-06-27T22:14:00+00:00 CRITICAL Uncaught Error: Class 'IG_Tracker_V_1_0_1' not found in /home1/flipware/public_html/medcaro/dev/wp-content/plugins/icegram/icegram.php:1248
Stack trace:
#0 /home1/flipware/public_html/medcaro/dev/wp-content/plugins/icegram/icegram.php(43): Icegram->include_classes()
#1 /home1/flipware/public_html/medcaro/dev/wp-content/plugins/icegram/icegram.php(1856): Icegram->__construct()
#2 /home1/flipware/public_html/medcaro/dev/wp-includes/class-wp-hook.php(286): initialize_icegram('')
#3 /home1/flipware/public_html/medcaro/dev/wp-includes/class-wp-hook.php(310): WP_Hook->apply_filters(Object(MonsterInsights_Lite), Array)
#4 /home1/flipware/public_html/medcaro/dev/wp-includes/plugin.php(465): WP_Hook->do_action(Array)
#5 /home1/flipware/public_html/medcaro/dev/wp-settings.php(394): do_action('plugins_loaded')
#6 /home1/flipware/public_html/medcaro/dev/wp-config.php(82): require_once('/home1/flipware...')
#7 /home1/flipware/public_html/medcaro/dev/wp-load.php(37): require_once('/home1/flipware...')
#8 /home1/flipware/pu in /home1/flipware/public_html/medcaro/dev/wp-content/plugins/icegram/icegram.php on line 1248

2019-06-27T23:28:17+00:00 CRITICAL Uncaught Error: Class 'IG_Tracker_V_1_0_1' not found in /home1/flipware/public_html/medcaro/dev/wp-content/plugins/icegram/icegram.php:1248
Stack trace:
#0 /home1/flipware/public_html/medcaro/dev/wp-content/plugins/icegram/icegram.php(43): Icegram->include_classes()
#1 /home1/flipware/public_html/medcaro/dev/wp-content/plugins/icegram/icegram.php(1856): Icegram->__construct()
#2 /home1/flipware/public_html/medcaro/dev/wp-includes/class-wp-hook.php(286): initialize_icegram('')
#3 /home1/flipware/public_html/medcaro/dev/wp-includes/class-wp-hook.php(310): WP_Hook->apply_filters(Object(MonsterInsights_Lite), Array)
#4 /home1/flipware/public_html/medcaro/dev/wp-includes/plugin.php(465): WP_Hook->do_action(Array)
#5 /home1/flipware/public_html/medcaro/dev/wp-settings.php(394): do_action('plugins_loaded')
#6 /home1/flipware/public_html/medcaro/dev/wp-config.php(82): require_once('/home1/flipware...')
#7 /home1/flipware/public_html/medcaro/dev/wp-load.php(37): require_once('/home1/flipware...')
#8 /home1/flipware/pu in /home1/flipware/public_html/medcaro/dev/wp-content/plugins/icegram/icegram.php on line 1248

2019-06-27T23:37:10+00:00 CRITICAL Uncaught Error: Class 'IG_Tracker_V_1_0_1' not found in /home1/flipware/public_html/medcaro/dev/wp-content/plugins/icegram/icegram.php:1248
Stack trace:
#0 /home1/flipware/public_html/medcaro/dev/wp-content/plugins/icegram/icegram.php(43): Icegram->include_classes()
#1 /home1/flipware/public_html/medcaro/dev/wp-content/plugins/icegram/icegram.php(1856): Icegram->__construct()
#2 /home1/flipware/public_html/medcaro/dev/wp-includes/class-wp-hook.php(286): initialize_icegram('')
#3 /home1/flipware/public_html/medcaro/dev/wp-includes/class-wp-hook.php(310): WP_Hook->apply_filters(Object(MonsterInsights_Lite), Array)
#4 /home1/flipware/public_html/medcaro/dev/wp-includes/plugin.php(465): WP_Hook->do_action(Array)
#5 /home1/flipware/public_html/medcaro/dev/wp-settings.php(394): do_action('plugins_loaded')
#6 /home1/flipware/public_html/medcaro/dev/wp-config.php(82): require_once('/home1/flipware...')
#7 /home1/flipware/public_html/medcaro/dev/wp-load.php(37): require_once('/home1/flipware...')
#8 /home1/flipware/pu in /home1/flipware/public_html/medcaro/dev/wp-content/plugins/icegram/icegram.php on line 1248

