2019-06-30T00:09:42+00:00 CRITICAL Uncaught Error: Class 'IG_Tracker_V_1_0_1' not found in /home1/flipware/public_html/medcaro/dev/wp-content/plugins/icegram/icegram.php:1248
Stack trace:
#0 /home1/flipware/public_html/medcaro/dev/wp-content/plugins/icegram/icegram.php(43): Icegram->include_classes()
#1 /home1/flipware/public_html/medcaro/dev/wp-content/plugins/icegram/icegram.php(1856): Icegram->__construct()
#2 /home1/flipware/public_html/medcaro/dev/wp-includes/class-wp-hook.php(286): initialize_icegram('')
#3 /home1/flipware/public_html/medcaro/dev/wp-includes/class-wp-hook.php(310): WP_Hook->apply_filters(Object(MonsterInsights_Lite), Array)
#4 /home1/flipware/public_html/medcaro/dev/wp-includes/plugin.php(465): WP_Hook->do_action(Array)
#5 /home1/flipware/public_html/medcaro/dev/wp-settings.php(394): do_action('plugins_loaded')
#6 /home1/flipware/public_html/medcaro/dev/wp-config.php(82): require_once('/home1/flipware...')
#7 /home1/flipware/public_html/medcaro/dev/wp-load.php(37): require_once('/home1/flipware...')
#8 /home1/flipware/pu in /home1/flipware/public_html/medcaro/dev/wp-content/plugins/icegram/icegram.php on line 1248

2019-06-30T00:30:52+00:00 CRITICAL Uncaught Error: Class 'IG_Tracker_V_1_0_1' not found in /home1/flipware/public_html/medcaro/dev/wp-content/plugins/icegram/icegram.php:1248
Stack trace:
#0 /home1/flipware/public_html/medcaro/dev/wp-content/plugins/icegram/icegram.php(43): Icegram->include_classes()
#1 /home1/flipware/public_html/medcaro/dev/wp-content/plugins/icegram/icegram.php(1856): Icegram->__construct()
#2 /home1/flipware/public_html/medcaro/dev/wp-includes/class-wp-hook.php(286): initialize_icegram('')
#3 /home1/flipware/public_html/medcaro/dev/wp-includes/class-wp-hook.php(310): WP_Hook->apply_filters(Object(MonsterInsights_Lite), Array)
#4 /home1/flipware/public_html/medcaro/dev/wp-includes/plugin.php(465): WP_Hook->do_action(Array)
#5 /home1/flipware/public_html/medcaro/dev/wp-settings.php(394): do_action('plugins_loaded')
#6 /home1/flipware/public_html/medcaro/dev/wp-config.php(82): require_once('/home1/flipware...')
#7 /home1/flipware/public_html/medcaro/dev/wp-load.php(37): require_once('/home1/flipware...')
#8 /home1/flipware/pu in /home1/flipware/public_html/medcaro/dev/wp-content/plugins/icegram/icegram.php on line 1248

2019-06-30T00:40:31+00:00 CRITICAL Uncaught Error: Class 'IG_Tracker_V_1_0_1' not found in /home1/flipware/public_html/medcaro/dev/wp-content/plugins/icegram/icegram.php:1248
Stack trace:
#0 /home1/flipware/public_html/medcaro/dev/wp-content/plugins/icegram/icegram.php(43): Icegram->include_classes()
#1 /home1/flipware/public_html/medcaro/dev/wp-content/plugins/icegram/icegram.php(1856): Icegram->__construct()
#2 /home1/flipware/public_html/medcaro/dev/wp-includes/class-wp-hook.php(286): initialize_icegram('')
#3 /home1/flipware/public_html/medcaro/dev/wp-includes/class-wp-hook.php(310): WP_Hook->apply_filters(Object(MonsterInsights_Lite), Array)
#4 /home1/flipware/public_html/medcaro/dev/wp-includes/plugin.php(465): WP_Hook->do_action(Array)
#5 /home1/flipware/public_html/medcaro/dev/wp-settings.php(394): do_action('plugins_loaded')
#6 /home1/flipware/public_html/medcaro/dev/wp-config.php(82): require_once('/home1/flipware...')
#7 /home1/flipware/public_html/medcaro/dev/wp-load.php(37): require_once('/home1/flipware...')
#8 /home1/flipware/pu in /home1/flipware/public_html/medcaro/dev/wp-content/plugins/icegram/icegram.php on line 1248

2019-06-30T03:19:32+00:00 CRITICAL Uncaught Error: Class 'IG_Tracker_V_1_0_1' not found in /home1/flipware/public_html/medcaro/dev/wp-content/plugins/icegram/icegram.php:1248
Stack trace:
#0 /home1/flipware/public_html/medcaro/dev/wp-content/plugins/icegram/icegram.php(43): Icegram->include_classes()
#1 /home1/flipware/public_html/medcaro/dev/wp-content/plugins/icegram/icegram.php(1856): Icegram->__construct()
#2 /home1/flipware/public_html/medcaro/dev/wp-includes/class-wp-hook.php(286): initialize_icegram('')
#3 /home1/flipware/public_html/medcaro/dev/wp-includes/class-wp-hook.php(310): WP_Hook->apply_filters(Object(MonsterInsights_Lite), Array)
#4 /home1/flipware/public_html/medcaro/dev/wp-includes/plugin.php(465): WP_Hook->do_action(Array)
#5 /home1/flipware/public_html/medcaro/dev/wp-settings.php(394): do_action('plugins_loaded')
#6 /home1/flipware/public_html/medcaro/dev/wp-config.php(82): require_once('/home1/flipware...')
#7 /home1/flipware/public_html/medcaro/dev/wp-load.php(37): require_once('/home1/flipware...')
#8 /home1/flipware/pu in /home1/flipware/public_html/medcaro/dev/wp-content/plugins/icegram/icegram.php on line 1248

2019-06-30T03:29:38+00:00 CRITICAL Uncaught Error: Class 'IG_Tracker_V_1_0_1' not found in /home1/flipware/public_html/medcaro/dev/wp-content/plugins/icegram/icegram.php:1248
Stack trace:
#0 /home1/flipware/public_html/medcaro/dev/wp-content/plugins/icegram/icegram.php(43): Icegram->include_classes()
#1 /home1/flipware/public_html/medcaro/dev/wp-content/plugins/icegram/icegram.php(1856): Icegram->__construct()
#2 /home1/flipware/public_html/medcaro/dev/wp-includes/class-wp-hook.php(286): initialize_icegram('')
#3 /home1/flipware/public_html/medcaro/dev/wp-includes/class-wp-hook.php(310): WP_Hook->apply_filters(Object(MonsterInsights_Lite), Array)
#4 /home1/flipware/public_html/medcaro/dev/wp-includes/plugin.php(465): WP_Hook->do_action(Array)
#5 /home1/flipware/public_html/medcaro/dev/wp-settings.php(394): do_action('plugins_loaded')
#6 /home1/flipware/public_html/medcaro/dev/wp-config.php(82): require_once('/home1/flipware...')
#7 /home1/flipware/public_html/medcaro/dev/wp-load.php(37): require_once('/home1/flipware...')
#8 /home1/flipware/pu in /home1/flipware/public_html/medcaro/dev/wp-content/plugins/icegram/icegram.php on line 1248

2019-06-30T03:58:26+00:00 CRITICAL Uncaught Error: Class 'IG_Tracker_V_1_0_1' not found in /home1/flipware/public_html/medcaro/dev/wp-content/plugins/icegram/icegram.php:1248
Stack trace:
#0 /home1/flipware/public_html/medcaro/dev/wp-content/plugins/icegram/icegram.php(43): Icegram->include_classes()
#1 /home1/flipware/public_html/medcaro/dev/wp-content/plugins/icegram/icegram.php(1856): Icegram->__construct()
#2 /home1/flipware/public_html/medcaro/dev/wp-includes/class-wp-hook.php(286): initialize_icegram('')
#3 /home1/flipware/public_html/medcaro/dev/wp-includes/class-wp-hook.php(310): WP_Hook->apply_filters(Object(MonsterInsights_Lite), Array)
#4 /home1/flipware/public_html/medcaro/dev/wp-includes/plugin.php(465): WP_Hook->do_action(Array)
#5 /home1/flipware/public_html/medcaro/dev/wp-settings.php(394): do_action('plugins_loaded')
#6 /home1/flipware/public_html/medcaro/dev/wp-config.php(82): require_once('/home1/flipware...')
#7 /home1/flipware/public_html/medcaro/dev/wp-load.php(37): require_once('/home1/flipware...')
#8 /home1/flipware/pu in /home1/flipware/public_html/medcaro/dev/wp-content/plugins/icegram/icegram.php on line 1248

2019-06-30T06:23:21+00:00 CRITICAL Uncaught Error: Class 'IG_Tracker_V_1_0_1' not found in /home1/flipware/public_html/medcaro/dev/wp-content/plugins/icegram/icegram.php:1248
Stack trace:
#0 /home1/flipware/public_html/medcaro/dev/wp-content/plugins/icegram/icegram.php(43): Icegram->include_classes()
#1 /home1/flipware/public_html/medcaro/dev/wp-content/plugins/icegram/icegram.php(1856): Icegram->__construct()
#2 /home1/flipware/public_html/medcaro/dev/wp-includes/class-wp-hook.php(286): initialize_icegram('')
#3 /home1/flipware/public_html/medcaro/dev/wp-includes/class-wp-hook.php(310): WP_Hook->apply_filters(Object(MonsterInsights_Lite), Array)
#4 /home1/flipware/public_html/medcaro/dev/wp-includes/plugin.php(465): WP_Hook->do_action(Array)
#5 /home1/flipware/public_html/medcaro/dev/wp-settings.php(394): do_action('plugins_loaded')
#6 /home1/flipware/public_html/medcaro/dev/wp-config.php(82): require_once('/home1/flipware...')
#7 /home1/flipware/public_html/medcaro/dev/wp-load.php(37): require_once('/home1/flipware...')
#8 /home1/flipware/pu in /home1/flipware/public_html/medcaro/dev/wp-content/plugins/icegram/icegram.php on line 1248

2019-06-30T06:29:44+00:00 CRITICAL Uncaught Error: Class 'IG_Tracker_V_1_0_1' not found in /home1/flipware/public_html/medcaro/dev/wp-content/plugins/icegram/icegram.php:1248
Stack trace:
#0 /home1/flipware/public_html/medcaro/dev/wp-content/plugins/icegram/icegram.php(43): Icegram->include_classes()
#1 /home1/flipware/public_html/medcaro/dev/wp-content/plugins/icegram/icegram.php(1856): Icegram->__construct()
#2 /home1/flipware/public_html/medcaro/dev/wp-includes/class-wp-hook.php(286): initialize_icegram('')
#3 /home1/flipware/public_html/medcaro/dev/wp-includes/class-wp-hook.php(310): WP_Hook->apply_filters(Object(MonsterInsights_Lite), Array)
#4 /home1/flipware/public_html/medcaro/dev/wp-includes/plugin.php(465): WP_Hook->do_action(Array)
#5 /home1/flipware/public_html/medcaro/dev/wp-settings.php(394): do_action('plugins_loaded')
#6 /home1/flipware/public_html/medcaro/dev/wp-config.php(82): require_once('/home1/flipware...')
#7 /home1/flipware/public_html/medcaro/dev/wp-load.php(37): require_once('/home1/flipware...')
#8 /home1/flipware/pu in /home1/flipware/public_html/medcaro/dev/wp-content/plugins/icegram/icegram.php on line 1248

2019-06-30T09:30:19+00:00 CRITICAL Uncaught Error: Class 'IG_Tracker_V_1_0_1' not found in /home1/flipware/public_html/medcaro/dev/wp-content/plugins/icegram/icegram.php:1248
Stack trace:
#0 /home1/flipware/public_html/medcaro/dev/wp-content/plugins/icegram/icegram.php(43): Icegram->include_classes()
#1 /home1/flipware/public_html/medcaro/dev/wp-content/plugins/icegram/icegram.php(1856): Icegram->__construct()
#2 /home1/flipware/public_html/medcaro/dev/wp-includes/class-wp-hook.php(286): initialize_icegram('')
#3 /home1/flipware/public_html/medcaro/dev/wp-includes/class-wp-hook.php(310): WP_Hook->apply_filters(Object(MonsterInsights_Lite), Array)
#4 /home1/flipware/public_html/medcaro/dev/wp-includes/plugin.php(465): WP_Hook->do_action(Array)
#5 /home1/flipware/public_html/medcaro/dev/wp-settings.php(394): do_action('plugins_loaded')
#6 /home1/flipware/public_html/medcaro/dev/wp-config.php(82): require_once('/home1/flipware...')
#7 /home1/flipware/public_html/medcaro/dev/wp-load.php(37): require_once('/home1/flipware...')
#8 /home1/flipware/pu in /home1/flipware/public_html/medcaro/dev/wp-content/plugins/icegram/icegram.php on line 1248

2019-06-30T10:04:28+00:00 CRITICAL Uncaught Error: Class 'IG_Tracker_V_1_0_1' not found in /home1/flipware/public_html/medcaro/dev/wp-content/plugins/icegram/icegram.php:1248
Stack trace:
#0 /home1/flipware/public_html/medcaro/dev/wp-content/plugins/icegram/icegram.php(43): Icegram->include_classes()
#1 /home1/flipware/public_html/medcaro/dev/wp-content/plugins/icegram/icegram.php(1856): Icegram->__construct()
#2 /home1/flipware/public_html/medcaro/dev/wp-includes/class-wp-hook.php(286): initialize_icegram('')
#3 /home1/flipware/public_html/medcaro/dev/wp-includes/class-wp-hook.php(310): WP_Hook->apply_filters(Object(MonsterInsights_Lite), Array)
#4 /home1/flipware/public_html/medcaro/dev/wp-includes/plugin.php(465): WP_Hook->do_action(Array)
#5 /home1/flipware/public_html/medcaro/dev/wp-settings.php(394): do_action('plugins_loaded')
#6 /home1/flipware/public_html/medcaro/dev/wp-config.php(82): require_once('/home1/flipware...')
#7 /home1/flipware/public_html/medcaro/dev/wp-load.php(37): require_once('/home1/flipware...')
#8 /home1/flipware/pu in /home1/flipware/public_html/medcaro/dev/wp-content/plugins/icegram/icegram.php on line 1248

2019-06-30T11:42:23+00:00 CRITICAL Uncaught Error: Class 'IG_Tracker_V_1_0_1' not found in /home1/flipware/public_html/medcaro/dev/wp-content/plugins/icegram/icegram.php:1248
Stack trace:
#0 /home1/flipware/public_html/medcaro/dev/wp-content/plugins/icegram/icegram.php(43): Icegram->include_classes()
#1 /home1/flipware/public_html/medcaro/dev/wp-content/plugins/icegram/icegram.php(1856): Icegram->__construct()
#2 /home1/flipware/public_html/medcaro/dev/wp-includes/class-wp-hook.php(286): initialize_icegram('')
#3 /home1/flipware/public_html/medcaro/dev/wp-includes/class-wp-hook.php(310): WP_Hook->apply_filters(Object(MonsterInsights_Lite), Array)
#4 /home1/flipware/public_html/medcaro/dev/wp-includes/plugin.php(465): WP_Hook->do_action(Array)
#5 /home1/flipware/public_html/medcaro/dev/wp-settings.php(394): do_action('plugins_loaded')
#6 /home1/flipware/public_html/medcaro/dev/wp-config.php(82): require_once('/home1/flipware...')
#7 /home1/flipware/public_html/medcaro/dev/wp-load.php(37): require_once('/home1/flipware...')
#8 /home1/flipware/pu in /home1/flipware/public_html/medcaro/dev/wp-content/plugins/icegram/icegram.php on line 1248

2019-06-30T13:39:07+00:00 CRITICAL Uncaught Error: Class 'IG_Tracker_V_1_0_1' not found in /home1/flipware/public_html/medcaro/dev/wp-content/plugins/icegram/icegram.php:1248
Stack trace:
#0 /home1/flipware/public_html/medcaro/dev/wp-content/plugins/icegram/icegram.php(43): Icegram->include_classes()
#1 /home1/flipware/public_html/medcaro/dev/wp-content/plugins/icegram/icegram.php(1856): Icegram->__construct()
#2 /home1/flipware/public_html/medcaro/dev/wp-includes/class-wp-hook.php(286): initialize_icegram('')
#3 /home1/flipware/public_html/medcaro/dev/wp-includes/class-wp-hook.php(310): WP_Hook->apply_filters(Object(MonsterInsights_Lite), Array)
#4 /home1/flipware/public_html/medcaro/dev/wp-includes/plugin.php(465): WP_Hook->do_action(Array)
#5 /home1/flipware/public_html/medcaro/dev/wp-settings.php(394): do_action('plugins_loaded')
#6 /home1/flipware/public_html/medcaro/dev/wp-config.php(82): require_once('/home1/flipware...')
#7 /home1/flipware/public_html/medcaro/dev/wp-load.php(37): require_once('/home1/flipware...')
#8 /home1/flipware/pu in /home1/flipware/public_html/medcaro/dev/wp-content/plugins/icegram/icegram.php on line 1248

2019-06-30T13:42:51+00:00 CRITICAL Uncaught Error: Class 'IG_Tracker_V_1_0_1' not found in /home1/flipware/public_html/medcaro/dev/wp-content/plugins/icegram/icegram.php:1248
Stack trace:
#0 /home1/flipware/public_html/medcaro/dev/wp-content/plugins/icegram/icegram.php(43): Icegram->include_classes()
#1 /home1/flipware/public_html/medcaro/dev/wp-content/plugins/icegram/icegram.php(1856): Icegram->__construct()
#2 /home1/flipware/public_html/medcaro/dev/wp-includes/class-wp-hook.php(286): initialize_icegram('')
#3 /home1/flipware/public_html/medcaro/dev/wp-includes/class-wp-hook.php(310): WP_Hook->apply_filters(Object(MonsterInsights_Lite), Array)
#4 /home1/flipware/public_html/medcaro/dev/wp-includes/plugin.php(465): WP_Hook->do_action(Array)
#5 /home1/flipware/public_html/medcaro/dev/wp-settings.php(394): do_action('plugins_loaded')
#6 /home1/flipware/public_html/medcaro/dev/wp-config.php(82): require_once('/home1/flipware...')
#7 /home1/flipware/public_html/medcaro/dev/wp-load.php(37): require_once('/home1/flipware...')
#8 /home1/flipware/pu in /home1/flipware/public_html/medcaro/dev/wp-content/plugins/icegram/icegram.php on line 1248

2019-06-30T17:14:53+00:00 CRITICAL Uncaught Error: Class 'IG_Tracker_V_1_0_1' not found in /home1/flipware/public_html/medcaro/dev/wp-content/plugins/icegram/icegram.php:1248
Stack trace:
#0 /home1/flipware/public_html/medcaro/dev/wp-content/plugins/icegram/icegram.php(43): Icegram->include_classes()
#1 /home1/flipware/public_html/medcaro/dev/wp-content/plugins/icegram/icegram.php(1856): Icegram->__construct()
#2 /home1/flipware/public_html/medcaro/dev/wp-includes/class-wp-hook.php(286): initialize_icegram('')
#3 /home1/flipware/public_html/medcaro/dev/wp-includes/class-wp-hook.php(310): WP_Hook->apply_filters(Object(MonsterInsights_Lite), Array)
#4 /home1/flipware/public_html/medcaro/dev/wp-includes/plugin.php(465): WP_Hook->do_action(Array)
#5 /home1/flipware/public_html/medcaro/dev/wp-settings.php(394): do_action('plugins_loaded')
#6 /home1/flipware/public_html/medcaro/dev/wp-config.php(82): require_once('/home1/flipware...')
#7 /home1/flipware/public_html/medcaro/dev/wp-load.php(37): require_once('/home1/flipware...')
#8 /home1/flipware/pu in /home1/flipware/public_html/medcaro/dev/wp-content/plugins/icegram/icegram.php on line 1248

2019-06-30T17:35:20+00:00 CRITICAL Uncaught Error: Class 'IG_Tracker_V_1_0_1' not found in /home1/flipware/public_html/medcaro/dev/wp-content/plugins/icegram/icegram.php:1248
Stack trace:
#0 /home1/flipware/public_html/medcaro/dev/wp-content/plugins/icegram/icegram.php(43): Icegram->include_classes()
#1 /home1/flipware/public_html/medcaro/dev/wp-content/plugins/icegram/icegram.php(1856): Icegram->__construct()
#2 /home1/flipware/public_html/medcaro/dev/wp-includes/class-wp-hook.php(286): initialize_icegram('')
#3 /home1/flipware/public_html/medcaro/dev/wp-includes/class-wp-hook.php(310): WP_Hook->apply_filters(Object(MonsterInsights_Lite), Array)
#4 /home1/flipware/public_html/medcaro/dev/wp-includes/plugin.php(465): WP_Hook->do_action(Array)
#5 /home1/flipware/public_html/medcaro/dev/wp-settings.php(394): do_action('plugins_loaded')
#6 /home1/flipware/public_html/medcaro/dev/wp-config.php(82): require_once('/home1/flipware...')
#7 /home1/flipware/public_html/medcaro/dev/wp-load.php(37): require_once('/home1/flipware...')
#8 /home1/flipware/pu in /home1/flipware/public_html/medcaro/dev/wp-content/plugins/icegram/icegram.php on line 1248

2019-06-30T17:52:38+00:00 CRITICAL Uncaught Error: Class 'IG_Tracker_V_1_0_1' not found in /home1/flipware/public_html/medcaro/dev/wp-content/plugins/icegram/icegram.php:1248
Stack trace:
#0 /home1/flipware/public_html/medcaro/dev/wp-content/plugins/icegram/icegram.php(43): Icegram->include_classes()
#1 /home1/flipware/public_html/medcaro/dev/wp-content/plugins/icegram/icegram.php(1856): Icegram->__construct()
#2 /home1/flipware/public_html/medcaro/dev/wp-includes/class-wp-hook.php(286): initialize_icegram('')
#3 /home1/flipware/public_html/medcaro/dev/wp-includes/class-wp-hook.php(310): WP_Hook->apply_filters(Object(MonsterInsights_Lite), Array)
#4 /home1/flipware/public_html/medcaro/dev/wp-includes/plugin.php(465): WP_Hook->do_action(Array)
#5 /home1/flipware/public_html/medcaro/dev/wp-settings.php(394): do_action('plugins_loaded')
#6 /home1/flipware/public_html/medcaro/dev/wp-config.php(82): require_once('/home1/flipware...')
#7 /home1/flipware/public_html/medcaro/dev/wp-load.php(37): require_once('/home1/flipware...')
#8 /home1/flipware/pu in /home1/flipware/public_html/medcaro/dev/wp-content/plugins/icegram/icegram.php on line 1248

2019-06-30T18:11:30+00:00 CRITICAL Uncaught Error: Class 'IG_Tracker_V_1_0_1' not found in /home1/flipware/public_html/medcaro/dev/wp-content/plugins/icegram/icegram.php:1248
Stack trace:
#0 /home1/flipware/public_html/medcaro/dev/wp-content/plugins/icegram/icegram.php(43): Icegram->include_classes()
#1 /home1/flipware/public_html/medcaro/dev/wp-content/plugins/icegram/icegram.php(1856): Icegram->__construct()
#2 /home1/flipware/public_html/medcaro/dev/wp-includes/class-wp-hook.php(286): initialize_icegram('')
#3 /home1/flipware/public_html/medcaro/dev/wp-includes/class-wp-hook.php(310): WP_Hook->apply_filters(Object(MonsterInsights_Lite), Array)
#4 /home1/flipware/public_html/medcaro/dev/wp-includes/plugin.php(465): WP_Hook->do_action(Array)
#5 /home1/flipware/public_html/medcaro/dev/wp-settings.php(394): do_action('plugins_loaded')
#6 /home1/flipware/public_html/medcaro/dev/wp-config.php(82): require_once('/home1/flipware...')
#7 /home1/flipware/public_html/medcaro/dev/wp-load.php(37): require_once('/home1/flipware...')
#8 /home1/flipware/pu in /home1/flipware/public_html/medcaro/dev/wp-content/plugins/icegram/icegram.php on line 1248

2019-06-30T18:19:50+00:00 CRITICAL Uncaught Error: Class 'IG_Tracker_V_1_0_1' not found in /home1/flipware/public_html/medcaro/dev/wp-content/plugins/icegram/icegram.php:1248
Stack trace:
#0 /home1/flipware/public_html/medcaro/dev/wp-content/plugins/icegram/icegram.php(43): Icegram->include_classes()
#1 /home1/flipware/public_html/medcaro/dev/wp-content/plugins/icegram/icegram.php(1856): Icegram->__construct()
#2 /home1/flipware/public_html/medcaro/dev/wp-includes/class-wp-hook.php(286): initialize_icegram('')
#3 /home1/flipware/public_html/medcaro/dev/wp-includes/class-wp-hook.php(310): WP_Hook->apply_filters(Object(MonsterInsights_Lite), Array)
#4 /home1/flipware/public_html/medcaro/dev/wp-includes/plugin.php(465): WP_Hook->do_action(Array)
#5 /home1/flipware/public_html/medcaro/dev/wp-settings.php(394): do_action('plugins_loaded')
#6 /home1/flipware/public_html/medcaro/dev/wp-config.php(82): require_once('/home1/flipware...')
#7 /home1/flipware/public_html/medcaro/dev/wp-load.php(37): require_once('/home1/flipware...')
#8 /home1/flipware/pu in /home1/flipware/public_html/medcaro/dev/wp-content/plugins/icegram/icegram.php on line 1248

2019-06-30T18:33:44+00:00 CRITICAL Uncaught Error: Class 'IG_Tracker_V_1_0_1' not found in /home1/flipware/public_html/medcaro/dev/wp-content/plugins/icegram/icegram.php:1248
Stack trace:
#0 /home1/flipware/public_html/medcaro/dev/wp-content/plugins/icegram/icegram.php(43): Icegram->include_classes()
#1 /home1/flipware/public_html/medcaro/dev/wp-content/plugins/icegram/icegram.php(1856): Icegram->__construct()
#2 /home1/flipware/public_html/medcaro/dev/wp-includes/class-wp-hook.php(286): initialize_icegram('')
#3 /home1/flipware/public_html/medcaro/dev/wp-includes/class-wp-hook.php(310): WP_Hook->apply_filters(Object(MonsterInsights_Lite), Array)
#4 /home1/flipware/public_html/medcaro/dev/wp-includes/plugin.php(465): WP_Hook->do_action(Array)
#5 /home1/flipware/public_html/medcaro/dev/wp-settings.php(394): do_action('plugins_loaded')
#6 /home1/flipware/public_html/medcaro/dev/wp-config.php(82): require_once('/home1/flipware...')
#7 /home1/flipware/public_html/medcaro/dev/wp-load.php(37): require_once('/home1/flipware...')
#8 /home1/flipware/pu in /home1/flipware/public_html/medcaro/dev/wp-content/plugins/icegram/icegram.php on line 1248

2019-06-30T19:06:34+00:00 CRITICAL Uncaught Error: Class 'IG_Tracker_V_1_0_1' not found in /home1/flipware/public_html/medcaro/dev/wp-content/plugins/icegram/icegram.php:1248
Stack trace:
#0 /home1/flipware/public_html/medcaro/dev/wp-content/plugins/icegram/icegram.php(43): Icegram->include_classes()
#1 /home1/flipware/public_html/medcaro/dev/wp-content/plugins/icegram/icegram.php(1856): Icegram->__construct()
#2 /home1/flipware/public_html/medcaro/dev/wp-includes/class-wp-hook.php(286): initialize_icegram('')
#3 /home1/flipware/public_html/medcaro/dev/wp-includes/class-wp-hook.php(310): WP_Hook->apply_filters(Object(MonsterInsights_Lite), Array)
#4 /home1/flipware/public_html/medcaro/dev/wp-includes/plugin.php(465): WP_Hook->do_action(Array)
#5 /home1/flipware/public_html/medcaro/dev/wp-settings.php(394): do_action('plugins_loaded')
#6 /home1/flipware/public_html/medcaro/dev/wp-config.php(82): require_once('/home1/flipware...')
#7 /home1/flipware/public_html/medcaro/dev/wp-load.php(37): require_once('/home1/flipware...')
#8 /home1/flipware/pu in /home1/flipware/public_html/medcaro/dev/wp-content/plugins/icegram/icegram.php on line 1248

2019-06-30T20:03:55+00:00 CRITICAL Uncaught Error: Class 'IG_Tracker_V_1_0_1' not found in /home1/flipware/public_html/medcaro/dev/wp-content/plugins/icegram/icegram.php:1248
Stack trace:
#0 /home1/flipware/public_html/medcaro/dev/wp-content/plugins/icegram/icegram.php(43): Icegram->include_classes()
#1 /home1/flipware/public_html/medcaro/dev/wp-content/plugins/icegram/icegram.php(1856): Icegram->__construct()
#2 /home1/flipware/public_html/medcaro/dev/wp-includes/class-wp-hook.php(286): initialize_icegram('')
#3 /home1/flipware/public_html/medcaro/dev/wp-includes/class-wp-hook.php(310): WP_Hook->apply_filters(Object(MonsterInsights_Lite), Array)
#4 /home1/flipware/public_html/medcaro/dev/wp-includes/plugin.php(465): WP_Hook->do_action(Array)
#5 /home1/flipware/public_html/medcaro/dev/wp-settings.php(394): do_action('plugins_loaded')
#6 /home1/flipware/public_html/medcaro/dev/wp-config.php(82): require_once('/home1/flipware...')
#7 /home1/flipware/public_html/medcaro/dev/wp-load.php(37): require_once('/home1/flipware...')
#8 /home1/flipware/pu in /home1/flipware/public_html/medcaro/dev/wp-content/plugins/icegram/icegram.php on line 1248

2019-06-30T20:12:27+00:00 CRITICAL Uncaught Error: Class 'IG_Tracker_V_1_0_1' not found in /home1/flipware/public_html/medcaro/dev/wp-content/plugins/icegram/icegram.php:1248
Stack trace:
#0 /home1/flipware/public_html/medcaro/dev/wp-content/plugins/icegram/icegram.php(43): Icegram->include_classes()
#1 /home1/flipware/public_html/medcaro/dev/wp-content/plugins/icegram/icegram.php(1856): Icegram->__construct()
#2 /home1/flipware/public_html/medcaro/dev/wp-includes/class-wp-hook.php(286): initialize_icegram('')
#3 /home1/flipware/public_html/medcaro/dev/wp-includes/class-wp-hook.php(310): WP_Hook->apply_filters(Object(MonsterInsights_Lite), Array)
#4 /home1/flipware/public_html/medcaro/dev/wp-includes/plugin.php(465): WP_Hook->do_action(Array)
#5 /home1/flipware/public_html/medcaro/dev/wp-settings.php(394): do_action('plugins_loaded')
#6 /home1/flipware/public_html/medcaro/dev/wp-config.php(82): require_once('/home1/flipware...')
#7 /home1/flipware/public_html/medcaro/dev/wp-load.php(37): require_once('/home1/flipware...')
#8 /home1/flipware/pu in /home1/flipware/public_html/medcaro/dev/wp-content/plugins/icegram/icegram.php on line 1248

2019-06-30T22:40:48+00:00 CRITICAL Uncaught Error: Class 'IG_Tracker_V_1_0_1' not found in /home1/flipware/public_html/medcaro/dev/wp-content/plugins/icegram/icegram.php:1248
Stack trace:
#0 /home1/flipware/public_html/medcaro/dev/wp-content/plugins/icegram/icegram.php(43): Icegram->include_classes()
#1 /home1/flipware/public_html/medcaro/dev/wp-content/plugins/icegram/icegram.php(1856): Icegram->__construct()
#2 /home1/flipware/public_html/medcaro/dev/wp-includes/class-wp-hook.php(286): initialize_icegram('')
#3 /home1/flipware/public_html/medcaro/dev/wp-includes/class-wp-hook.php(310): WP_Hook->apply_filters(Object(MonsterInsights_Lite), Array)
#4 /home1/flipware/public_html/medcaro/dev/wp-includes/plugin.php(465): WP_Hook->do_action(Array)
#5 /home1/flipware/public_html/medcaro/dev/wp-settings.php(394): do_action('plugins_loaded')
#6 /home1/flipware/public_html/medcaro/dev/wp-config.php(82): require_once('/home1/flipware...')
#7 /home1/flipware/public_html/medcaro/dev/wp-load.php(37): require_once('/home1/flipware...')
#8 /home1/flipware/pu in /home1/flipware/public_html/medcaro/dev/wp-content/plugins/icegram/icegram.php on line 1248

