2019-06-26T01:34:06+00:00 CRITICAL Uncaught Error: Class 'IG_Tracker_V_1_0_1' not found in /home1/flipware/public_html/medcaro/dev/wp-content/plugins/icegram/icegram.php:1248
Stack trace:
#0 /home1/flipware/public_html/medcaro/dev/wp-content/plugins/icegram/icegram.php(43): Icegram->include_classes()
#1 /home1/flipware/public_html/medcaro/dev/wp-content/plugins/icegram/icegram.php(1856): Icegram->__construct()
#2 /home1/flipware/public_html/medcaro/dev/wp-includes/class-wp-hook.php(286): initialize_icegram('')
#3 /home1/flipware/public_html/medcaro/dev/wp-includes/class-wp-hook.php(310): WP_Hook->apply_filters(Object(MonsterInsights_Lite), Array)
#4 /home1/flipware/public_html/medcaro/dev/wp-includes/plugin.php(465): WP_Hook->do_action(Array)
#5 /home1/flipware/public_html/medcaro/dev/wp-settings.php(394): do_action('plugins_loaded')
#6 /home1/flipware/public_html/medcaro/dev/wp-config.php(82): require_once('/home1/flipware...')
#7 /home1/flipware/public_html/medcaro/dev/wp-load.php(37): require_once('/home1/flipware...')
#8 /home1/flipware/pu in /home1/flipware/public_html/medcaro/dev/wp-content/plugins/icegram/icegram.php on line 1248

2019-06-26T04:42:26+00:00 CRITICAL Uncaught Error: Class 'IG_Tracker_V_1_0_1' not found in /home1/flipware/public_html/medcaro/dev/wp-content/plugins/icegram/icegram.php:1248
Stack trace:
#0 /home1/flipware/public_html/medcaro/dev/wp-content/plugins/icegram/icegram.php(43): Icegram->include_classes()
#1 /home1/flipware/public_html/medcaro/dev/wp-content/plugins/icegram/icegram.php(1856): Icegram->__construct()
#2 /home1/flipware/public_html/medcaro/dev/wp-includes/class-wp-hook.php(286): initialize_icegram('')
#3 /home1/flipware/public_html/medcaro/dev/wp-includes/class-wp-hook.php(310): WP_Hook->apply_filters(Object(MonsterInsights_Lite), Array)
#4 /home1/flipware/public_html/medcaro/dev/wp-includes/plugin.php(465): WP_Hook->do_action(Array)
#5 /home1/flipware/public_html/medcaro/dev/wp-settings.php(394): do_action('plugins_loaded')
#6 /home1/flipware/public_html/medcaro/dev/wp-config.php(82): require_once('/home1/flipware...')
#7 /home1/flipware/public_html/medcaro/dev/wp-load.php(37): require_once('/home1/flipware...')
#8 /home1/flipware/pu in /home1/flipware/public_html/medcaro/dev/wp-content/plugins/icegram/icegram.php on line 1248

2019-06-26T05:43:26+00:00 CRITICAL Uncaught Error: Class 'IG_Tracker_V_1_0_1' not found in /home1/flipware/public_html/medcaro/dev/wp-content/plugins/icegram/icegram.php:1248
Stack trace:
#0 /home1/flipware/public_html/medcaro/dev/wp-content/plugins/icegram/icegram.php(43): Icegram->include_classes()
#1 /home1/flipware/public_html/medcaro/dev/wp-content/plugins/icegram/icegram.php(1856): Icegram->__construct()
#2 /home1/flipware/public_html/medcaro/dev/wp-includes/class-wp-hook.php(286): initialize_icegram('')
#3 /home1/flipware/public_html/medcaro/dev/wp-includes/class-wp-hook.php(310): WP_Hook->apply_filters(Object(MonsterInsights_Lite), Array)
#4 /home1/flipware/public_html/medcaro/dev/wp-includes/plugin.php(465): WP_Hook->do_action(Array)
#5 /home1/flipware/public_html/medcaro/dev/wp-settings.php(394): do_action('plugins_loaded')
#6 /home1/flipware/public_html/medcaro/dev/wp-config.php(82): require_once('/home1/flipware...')
#7 /home1/flipware/public_html/medcaro/dev/wp-load.php(37): require_once('/home1/flipware...')
#8 /home1/flipware/pu in /home1/flipware/public_html/medcaro/dev/wp-content/plugins/icegram/icegram.php on line 1248

2019-06-26T06:26:03+00:00 CRITICAL Uncaught Error: Class 'IG_Tracker_V_1_0_1' not found in /home1/flipware/public_html/medcaro/dev/wp-content/plugins/icegram/icegram.php:1248
Stack trace:
#0 /home1/flipware/public_html/medcaro/dev/wp-content/plugins/icegram/icegram.php(43): Icegram->include_classes()
#1 /home1/flipware/public_html/medcaro/dev/wp-content/plugins/icegram/icegram.php(1856): Icegram->__construct()
#2 /home1/flipware/public_html/medcaro/dev/wp-includes/class-wp-hook.php(286): initialize_icegram('')
#3 /home1/flipware/public_html/medcaro/dev/wp-includes/class-wp-hook.php(310): WP_Hook->apply_filters(Object(MonsterInsights_Lite), Array)
#4 /home1/flipware/public_html/medcaro/dev/wp-includes/plugin.php(465): WP_Hook->do_action(Array)
#5 /home1/flipware/public_html/medcaro/dev/wp-settings.php(394): do_action('plugins_loaded')
#6 /home1/flipware/public_html/medcaro/dev/wp-config.php(82): require_once('/home1/flipware...')
#7 /home1/flipware/public_html/medcaro/dev/wp-load.php(37): require_once('/home1/flipware...')
#8 /home1/flipware/pu in /home1/flipware/public_html/medcaro/dev/wp-content/plugins/icegram/icegram.php on line 1248

2019-06-26T10:28:33+00:00 CRITICAL Uncaught Error: Class 'IG_Tracker_V_1_0_1' not found in /home1/flipware/public_html/medcaro/dev/wp-content/plugins/icegram/icegram.php:1248
Stack trace:
#0 /home1/flipware/public_html/medcaro/dev/wp-content/plugins/icegram/icegram.php(43): Icegram->include_classes()
#1 /home1/flipware/public_html/medcaro/dev/wp-content/plugins/icegram/icegram.php(1856): Icegram->__construct()
#2 /home1/flipware/public_html/medcaro/dev/wp-includes/class-wp-hook.php(286): initialize_icegram('')
#3 /home1/flipware/public_html/medcaro/dev/wp-includes/class-wp-hook.php(310): WP_Hook->apply_filters(Object(MonsterInsights_Lite), Array)
#4 /home1/flipware/public_html/medcaro/dev/wp-includes/plugin.php(465): WP_Hook->do_action(Array)
#5 /home1/flipware/public_html/medcaro/dev/wp-settings.php(394): do_action('plugins_loaded')
#6 /home1/flipware/public_html/medcaro/dev/wp-config.php(82): require_once('/home1/flipware...')
#7 /home1/flipware/public_html/medcaro/dev/wp-load.php(37): require_once('/home1/flipware...')
#8 /home1/flipware/pu in /home1/flipware/public_html/medcaro/dev/wp-content/plugins/icegram/icegram.php on line 1248

2019-06-26T13:52:13+00:00 CRITICAL Uncaught Error: Class 'IG_Tracker_V_1_0_1' not found in /home1/flipware/public_html/medcaro/dev/wp-content/plugins/icegram/icegram.php:1248
Stack trace:
#0 /home1/flipware/public_html/medcaro/dev/wp-content/plugins/icegram/icegram.php(43): Icegram->include_classes()
#1 /home1/flipware/public_html/medcaro/dev/wp-content/plugins/icegram/icegram.php(1856): Icegram->__construct()
#2 /home1/flipware/public_html/medcaro/dev/wp-includes/class-wp-hook.php(286): initialize_icegram('')
#3 /home1/flipware/public_html/medcaro/dev/wp-includes/class-wp-hook.php(310): WP_Hook->apply_filters(Object(MonsterInsights_Lite), Array)
#4 /home1/flipware/public_html/medcaro/dev/wp-includes/plugin.php(465): WP_Hook->do_action(Array)
#5 /home1/flipware/public_html/medcaro/dev/wp-settings.php(394): do_action('plugins_loaded')
#6 /home1/flipware/public_html/medcaro/dev/wp-config.php(82): require_once('/home1/flipware...')
#7 /home1/flipware/public_html/medcaro/dev/wp-load.php(37): require_once('/home1/flipware...')
#8 /home1/flipware/pu in /home1/flipware/public_html/medcaro/dev/wp-content/plugins/icegram/icegram.php on line 1248

2019-06-26T15:56:22+00:00 CRITICAL Uncaught Error: Class 'IG_Tracker_V_1_0_1' not found in /home1/flipware/public_html/medcaro/dev/wp-content/plugins/icegram/icegram.php:1248
Stack trace:
#0 /home1/flipware/public_html/medcaro/dev/wp-content/plugins/icegram/icegram.php(43): Icegram->include_classes()
#1 /home1/flipware/public_html/medcaro/dev/wp-content/plugins/icegram/icegram.php(1856): Icegram->__construct()
#2 /home1/flipware/public_html/medcaro/dev/wp-includes/class-wp-hook.php(286): initialize_icegram('')
#3 /home1/flipware/public_html/medcaro/dev/wp-includes/class-wp-hook.php(310): WP_Hook->apply_filters(Object(MonsterInsights_Lite), Array)
#4 /home1/flipware/public_html/medcaro/dev/wp-includes/plugin.php(465): WP_Hook->do_action(Array)
#5 /home1/flipware/public_html/medcaro/dev/wp-settings.php(394): do_action('plugins_loaded')
#6 /home1/flipware/public_html/medcaro/dev/wp-config.php(82): require_once('/home1/flipware...')
#7 /home1/flipware/public_html/medcaro/dev/wp-load.php(37): require_once('/home1/flipware...')
#8 /home1/flipware/pu in /home1/flipware/public_html/medcaro/dev/wp-content/plugins/icegram/icegram.php on line 1248

2019-06-26T16:37:48+00:00 CRITICAL Uncaught Error: Class 'IG_Tracker_V_1_0_1' not found in /home1/flipware/public_html/medcaro/dev/wp-content/plugins/icegram/icegram.php:1248
Stack trace:
#0 /home1/flipware/public_html/medcaro/dev/wp-content/plugins/icegram/icegram.php(43): Icegram->include_classes()
#1 /home1/flipware/public_html/medcaro/dev/wp-content/plugins/icegram/icegram.php(1856): Icegram->__construct()
#2 /home1/flipware/public_html/medcaro/dev/wp-includes/class-wp-hook.php(286): initialize_icegram('')
#3 /home1/flipware/public_html/medcaro/dev/wp-includes/class-wp-hook.php(310): WP_Hook->apply_filters(Object(MonsterInsights_Lite), Array)
#4 /home1/flipware/public_html/medcaro/dev/wp-includes/plugin.php(465): WP_Hook->do_action(Array)
#5 /home1/flipware/public_html/medcaro/dev/wp-settings.php(394): do_action('plugins_loaded')
#6 /home1/flipware/public_html/medcaro/dev/wp-config.php(82): require_once('/home1/flipware...')
#7 /home1/flipware/public_html/medcaro/dev/wp-load.php(37): require_once('/home1/flipware...')
#8 /home1/flipware/pu in /home1/flipware/public_html/medcaro/dev/wp-content/plugins/icegram/icegram.php on line 1248

2019-06-26T17:31:07+00:00 CRITICAL Uncaught Error: Class 'IG_Tracker_V_1_0_1' not found in /home1/flipware/public_html/medcaro/dev/wp-content/plugins/icegram/icegram.php:1248
Stack trace:
#0 /home1/flipware/public_html/medcaro/dev/wp-content/plugins/icegram/icegram.php(43): Icegram->include_classes()
#1 /home1/flipware/public_html/medcaro/dev/wp-content/plugins/icegram/icegram.php(1856): Icegram->__construct()
#2 /home1/flipware/public_html/medcaro/dev/wp-includes/class-wp-hook.php(286): initialize_icegram('')
#3 /home1/flipware/public_html/medcaro/dev/wp-includes/class-wp-hook.php(310): WP_Hook->apply_filters(Object(MonsterInsights_Lite), Array)
#4 /home1/flipware/public_html/medcaro/dev/wp-includes/plugin.php(465): WP_Hook->do_action(Array)
#5 /home1/flipware/public_html/medcaro/dev/wp-settings.php(394): do_action('plugins_loaded')
#6 /home1/flipware/public_html/medcaro/dev/wp-config.php(82): require_once('/home1/flipware...')
#7 /home1/flipware/public_html/medcaro/dev/wp-load.php(37): require_once('/home1/flipware...')
#8 /home1/flipware/pu in /home1/flipware/public_html/medcaro/dev/wp-content/plugins/icegram/icegram.php on line 1248

2019-06-26T20:38:16+00:00 CRITICAL Uncaught Error: Class 'IG_Tracker_V_1_0_1' not found in /home1/flipware/public_html/medcaro/dev/wp-content/plugins/icegram/icegram.php:1248
Stack trace:
#0 /home1/flipware/public_html/medcaro/dev/wp-content/plugins/icegram/icegram.php(43): Icegram->include_classes()
#1 /home1/flipware/public_html/medcaro/dev/wp-content/plugins/icegram/icegram.php(1856): Icegram->__construct()
#2 /home1/flipware/public_html/medcaro/dev/wp-includes/class-wp-hook.php(286): initialize_icegram('')
#3 /home1/flipware/public_html/medcaro/dev/wp-includes/class-wp-hook.php(310): WP_Hook->apply_filters(Object(MonsterInsights_Lite), Array)
#4 /home1/flipware/public_html/medcaro/dev/wp-includes/plugin.php(465): WP_Hook->do_action(Array)
#5 /home1/flipware/public_html/medcaro/dev/wp-settings.php(394): do_action('plugins_loaded')
#6 /home1/flipware/public_html/medcaro/dev/wp-config.php(82): require_once('/home1/flipware...')
#7 /home1/flipware/public_html/medcaro/dev/wp-load.php(37): require_once('/home1/flipware...')
#8 /home1/flipware/pu in /home1/flipware/public_html/medcaro/dev/wp-content/plugins/icegram/icegram.php on line 1248

2019-06-26T21:26:17+00:00 CRITICAL Uncaught Error: Class 'IG_Tracker_V_1_0_1' not found in /home1/flipware/public_html/medcaro/dev/wp-content/plugins/icegram/icegram.php:1248
Stack trace:
#0 /home1/flipware/public_html/medcaro/dev/wp-content/plugins/icegram/icegram.php(43): Icegram->include_classes()
#1 /home1/flipware/public_html/medcaro/dev/wp-content/plugins/icegram/icegram.php(1856): Icegram->__construct()
#2 /home1/flipware/public_html/medcaro/dev/wp-includes/class-wp-hook.php(286): initialize_icegram('')
#3 /home1/flipware/public_html/medcaro/dev/wp-includes/class-wp-hook.php(310): WP_Hook->apply_filters(Object(MonsterInsights_Lite), Array)
#4 /home1/flipware/public_html/medcaro/dev/wp-includes/plugin.php(465): WP_Hook->do_action(Array)
#5 /home1/flipware/public_html/medcaro/dev/wp-settings.php(394): do_action('plugins_loaded')
#6 /home1/flipware/public_html/medcaro/dev/wp-config.php(82): require_once('/home1/flipware...')
#7 /home1/flipware/public_html/medcaro/dev/wp-load.php(37): require_once('/home1/flipware...')
#8 /home1/flipware/pu in /home1/flipware/public_html/medcaro/dev/wp-content/plugins/icegram/icegram.php on line 1248

2019-06-26T22:52:28+00:00 CRITICAL Uncaught Error: Class 'IG_Tracker_V_1_0_1' not found in /home1/flipware/public_html/medcaro/dev/wp-content/plugins/icegram/icegram.php:1248
Stack trace:
#0 /home1/flipware/public_html/medcaro/dev/wp-content/plugins/icegram/icegram.php(43): Icegram->include_classes()
#1 /home1/flipware/public_html/medcaro/dev/wp-content/plugins/icegram/icegram.php(1856): Icegram->__construct()
#2 /home1/flipware/public_html/medcaro/dev/wp-includes/class-wp-hook.php(286): initialize_icegram('')
#3 /home1/flipware/public_html/medcaro/dev/wp-includes/class-wp-hook.php(310): WP_Hook->apply_filters(Object(MonsterInsights_Lite), Array)
#4 /home1/flipware/public_html/medcaro/dev/wp-includes/plugin.php(465): WP_Hook->do_action(Array)
#5 /home1/flipware/public_html/medcaro/dev/wp-settings.php(394): do_action('plugins_loaded')
#6 /home1/flipware/public_html/medcaro/dev/wp-config.php(82): require_once('/home1/flipware...')
#7 /home1/flipware/public_html/medcaro/dev/wp-load.php(37): require_once('/home1/flipware...')
#8 /home1/flipware/pu in /home1/flipware/public_html/medcaro/dev/wp-content/plugins/icegram/icegram.php on line 1248

